<?xml version="1.0" encoding="UTF-8"?>
<!-- Generated by org.testng.reporters.JUnitXMLReporter -->
<testsuite hostname="IBM472-R90HR3JC" name="TestOnChrome" tests="1" failures="0" timestamp="16 Jan 2018 19:39:01 GMT" time="0.104" errors="0">
  <testcase name="@BeforeTest beforeTest" time="0.0" classname="selenium.test.SimpleWorkflow">
    <failure type="java.lang.IllegalStateException" message="The driver executable does not exist: c:\resources\chromedriver.exe">
      <![CDATA[java.lang.IllegalStateException: The driver executable does not exist: c:\resources\chromedriver.exe
	at com.google.common.base.Preconditions.checkState(Preconditions.java:518)
	at org.openqa.selenium.remote.service.DriverService.checkExecutable(DriverService.java:136)
	at org.openqa.selenium.remote.service.DriverService.findExecutable(DriverService.java:131)
	at org.openqa.selenium.chrome.ChromeDriverService.access$000(ChromeDriverService.java:32)
	at org.openqa.selenium.chrome.ChromeDriverService$Builder.findDefaultExecutable(ChromeDriverService.java:137)
	at org.openqa.selenium.remote.service.DriverService$Builder.build(DriverService.java:330)
	at org.openqa.selenium.chrome.ChromeDriverService.createDefaultService(ChromeDriverService.java:88)
	at org.openqa.selenium.chrome.ChromeDriver.<init>(ChromeDriver.java:124)
	at selenium.test.BaseClass.beforeTest(BaseClass.java:45)
... Removed 22 stack frames]]>
    </failure>
  </testcase> <!-- @BeforeTest beforeTest -->
  <testcase name="@AfterTest afterTest" time="0.0" classname="selenium.test.SimpleWorkflow">
    <skipped/>
  </testcase> <!-- @AfterTest afterTest -->
  <testcase name="openURL" time="0.001" classname="selenium.test.SimpleWorkflow">
    <skipped/>
  </testcase> <!-- openURL -->
</testsuite> <!-- TestOnChrome -->
